Analysis & Synthesis report for Sistema_empaquetado
Sat Dec 04 13:03:54 2021
Quartus Prime Version 18.0.0 Build 614 04/24/2018 SJ Lite Edition


---------------------
; Table of Contents ;
---------------------
  1. Legal Notice
  2. Analysis & Synthesis Summary
  3. Analysis & Synthesis Settings
  4. Parallel Compilation
  5. Analysis & Synthesis Source Files Read
  6. Analysis & Synthesis Resource Usage Summary
  7. Analysis & Synthesis Resource Utilization by Entity
  8. Analysis & Synthesis RAM Summary
  9. General Register Statistics
 10. Registers Packed Into Inferred Megafunctions
 11. Multiplexer Restructuring Statistics (Restructuring Performed)
 12. Source assignments for altsyncram:Mux3_rtl_0|altsyncram_l981:auto_generated
 13. Parameter Settings for Inferred Entity Instance: altsyncram:Mux3_rtl_0
 14. altsyncram Parameter Settings by Entity Instance
 15. Post-Synthesis Netlist Statistics for Top Partition
 16. Elapsed Time Per Partition
 17. Analysis & Synthesis Messages



----------------
; Legal Notice ;
----------------
Copyright (C) 2018  Intel Corporation. All rights reserved.
Your use of Intel Corporation's design tools, logic functions 
and other software and tools, and its AMPP partner logic 
functions, and any output files from any of the foregoing 
(including device programming or simulation files), and any 
associated documentation or information are expressly subject 
to the terms and conditions of the Intel Program License 
Subscription Agreement, the Intel Quartus Prime License Agreement,
the Intel FPGA IP License Agreement, or other applicable license
agreement, including, without limitation, that your use is for
the sole purpose of programming logic devices manufactured by
Intel and sold by Intel or its authorized distributors.  Please
refer to the applicable agreement for further details.



+-------------------------------------------------------------------------------+
; Analysis & Synthesis Summary                                                  ;
+---------------------------------+---------------------------------------------+
; Analysis & Synthesis Status     ; Successful - Sat Dec 04 13:03:54 2021       ;
; Quartus Prime Version           ; 18.0.0 Build 614 04/24/2018 SJ Lite Edition ;
; Revision Name                   ; Sistema_empaquetado                         ;
; Top-level Entity Name           ; Sistema_empaquetado                         ;
; Family                          ; Cyclone V                                   ;
; Logic utilization (in ALMs)     ; N/A                                         ;
; Total registers                 ; 4                                           ;
; Total pins                      ; 24                                          ;
; Total virtual pins              ; 0                                           ;
; Total block memory bits         ; 2,048                                       ;
; Total DSP Blocks                ; 0                                           ;
; Total HSSI RX PCSs              ; 0                                           ;
; Total HSSI PMA RX Deserializers ; 0                                           ;
; Total HSSI TX PCSs              ; 0                                           ;
; Total HSSI PMA TX Serializers   ; 0                                           ;
; Total PLLs                      ; 0                                           ;
; Total DLLs                      ; 0                                           ;
+---------------------------------+---------------------------------------------+


+-----------------------------------------------------------------------------------------------------------------------------+
; Analysis & Synthesis Settings                                                                                               ;
+---------------------------------------------------------------------------------+---------------------+---------------------+
; Option                                                                          ; Setting             ; Default Value       ;
+---------------------------------------------------------------------------------+---------------------+---------------------+
; Device                                                                          ; 5CGXFC7C7F23C8      ;                     ;
; Top-level entity name                                                           ; Sistema_empaquetado ; Sistema_empaquetado ;
; Family name                                                                     ; Cyclone V           ; Cyclone V           ;
; Use smart compilation                                                           ; Off                 ; Off                 ;
; Enable parallel Assembler and Timing Analyzer during compilation                ; On                  ; On                  ;
; Enable compact report table                                                     ; Off                 ; Off                 ;
; Restructure Multiplexers                                                        ; Auto                ; Auto                ;
; MLAB Add Timing Constraints For Mixed-Port Feed-Through Mode Setting Don't Care ; Off                 ; Off                 ;
; Create Debugging Nodes for IP Cores                                             ; Off                 ; Off                 ;
; Preserve fewer node names                                                       ; On                  ; On                  ;
; Intel FPGA IP Evaluation Mode                                                   ; Enable              ; Enable              ;
; Verilog Version                                                                 ; Verilog_2001        ; Verilog_2001        ;
; VHDL Version                                                                    ; VHDL_1993           ; VHDL_1993           ;
; State Machine Processing                                                        ; Auto                ; Auto                ;
; Safe State Machine                                                              ; Off                 ; Off                 ;
; Extract Verilog State Machines                                                  ; On                  ; On                  ;
; Extract VHDL State Machines                                                     ; On                  ; On                  ;
; Ignore Verilog initial constructs                                               ; Off                 ; Off                 ;
; Iteration limit for constant Verilog loops                                      ; 5000                ; 5000                ;
; Iteration limit for non-constant Verilog loops                                  ; 250                 ; 250                 ;
; Add Pass-Through Logic to Inferred RAMs                                         ; On                  ; On                  ;
; Infer RAMs from Raw Logic                                                       ; On                  ; On                  ;
; Parallel Synthesis                                                              ; On                  ; On                  ;
; DSP Block Balancing                                                             ; Auto                ; Auto                ;
; NOT Gate Push-Back                                                              ; On                  ; On                  ;
; Power-Up Don't Care                                                             ; On                  ; On                  ;
; Remove Redundant Logic Cells                                                    ; Off                 ; Off                 ;
; Remove Duplicate Registers                                                      ; On                  ; On                  ;
; Ignore CARRY Buffers                                                            ; Off                 ; Off                 ;
; Ignore CASCADE Buffers                                                          ; Off                 ; Off                 ;
; Ignore GLOBAL Buffers                                                           ; Off                 ; Off                 ;
; Ignore ROW GLOBAL Buffers                                                       ; Off                 ; Off                 ;
; Ignore LCELL Buffers                                                            ; Off                 ; Off                 ;
; Ignore SOFT Buffers                                                             ; On                  ; On                  ;
; Limit AHDL Integers to 32 Bits                                                  ; Off                 ; Off                 ;
; Optimization Technique                                                          ; Balanced            ; Balanced            ;
; Carry Chain Length                                                              ; 70                  ; 70                  ;
; Auto Carry Chains                                                               ; On                  ; On                  ;
; Auto Open-Drain Pins                                                            ; On                  ; On                  ;
; Perform WYSIWYG Primitive Resynthesis                                           ; Off                 ; Off                 ;
; Auto ROM Replacement                                                            ; On                  ; On                  ;
; Auto RAM Replacement                                                            ; On                  ; On                  ;
; Auto DSP Block Replacement                                                      ; On                  ; On                  ;
; Auto Shift Register Replacement                                                 ; Auto                ; Auto                ;
; Allow Shift Register Merging across Hierarchies                                 ; Auto                ; Auto                ;
; Auto Clock Enable Replacement                                                   ; On                  ; On                  ;
; Strict RAM Replacement                                                          ; Off                 ; Off                 ;
; Allow Synchronous Control Signals                                               ; On                  ; On                  ;
; Force Use of Synchronous Clear Signals                                          ; Off                 ; Off                 ;
; Auto Resource Sharing                                                           ; Off                 ; Off                 ;
; Allow Any RAM Size For Recognition                                              ; Off                 ; Off                 ;
; Allow Any ROM Size For Recognition                                              ; Off                 ; Off                 ;
; Allow Any Shift Register Size For Recognition                                   ; Off                 ; Off                 ;
; Use LogicLock Constraints during Resource Balancing                             ; On                  ; On                  ;
; Ignore translate_off and synthesis_off directives                               ; Off                 ; Off                 ;
; Timing-Driven Synthesis                                                         ; On                  ; On                  ;
; Report Parameter Settings                                                       ; On                  ; On                  ;
; Report Source Assignments                                                       ; On                  ; On                  ;
; Report Connectivity Checks                                                      ; On                  ; On                  ;
; Ignore Maximum Fan-Out Assignments                                              ; Off                 ; Off                 ;
; Synchronization Register Chain Length                                           ; 3                   ; 3                   ;
; Power Optimization During Synthesis                                             ; Normal compilation  ; Normal compilation  ;
; HDL message level                                                               ; Level2              ; Level2              ;
; Suppress Register Optimization Related Messages                                 ; Off                 ; Off                 ;
; Number of Removed Registers Reported in Synthesis Report                        ; 5000                ; 5000                ;
; Number of Swept Nodes Reported in Synthesis Report                              ; 5000                ; 5000                ;
; Number of Inverted Registers Reported in Synthesis Report                       ; 100                 ; 100                 ;
; Clock MUX Protection                                                            ; On                  ; On                  ;
; Auto Gated Clock Conversion                                                     ; Off                 ; Off                 ;
; Block Design Naming                                                             ; Auto                ; Auto                ;
; SDC constraint protection                                                       ; Off                 ; Off                 ;
; Synthesis Effort                                                                ; Auto                ; Auto                ;
; Shift Register Replacement - Allow Asynchronous Clear Signal                    ; On                  ; On                  ;
; Pre-Mapping Resynthesis Optimization                                            ; Off                 ; Off                 ;
; Analysis & Synthesis Message Level                                              ; Medium              ; Medium              ;
; Disable Register Merging Across Hierarchies                                     ; Auto                ; Auto                ;
; Resource Aware Inference For Block RAM                                          ; On                  ; On                  ;
; Automatic Parallel Synthesis                                                    ; On                  ; On                  ;
; Partial Reconfiguration Bitstream ID                                            ; Off                 ; Off                 ;
+---------------------------------------------------------------------------------+---------------------+---------------------+


+------------------------------------------+
; Parallel Compilation                     ;
+----------------------------+-------------+
; Processors                 ; Number      ;
+----------------------------+-------------+
; Number detected on machine ; 12          ;
; Maximum allowed            ; 12          ;
;                            ;             ;
; Average used               ; 1.00        ;
; Maximum used               ; 12          ;
;                            ;             ;
; Usage by Processor         ; % Time Used ;
;     Processor 1            ; 100.0%      ;
;     Processors 2-12        ;   0.0%      ;
+----------------------------+-------------+


+---------------------------------------------------------------------------------------------------------------------------------------------------------------------------------------------+
; Analysis & Synthesis Source Files Read                                                                                                                                                      ;
+----------------------------------+-----------------+------------------------------+-----------------------------------------------------------------------------------------------+---------+
; File Name with User-Entered Path ; Used in Netlist ; File Type                    ; File Name with Absolute Path                                                                  ; Library ;
+----------------------------------+-----------------+------------------------------+-----------------------------------------------------------------------------------------------+---------+
; Sistema_empaquetado.vhd          ; yes             ; User VHDL File               ; C:/Users/tooro/Documents/Universidad/Digitales II/Sistema_empaquetado/Sistema_empaquetado.vhd ;         ;
; altsyncram.tdf                   ; yes             ; Megafunction                 ; e:/aplicaciones/quartus/quartus/libraries/megafunctions/altsyncram.tdf                        ;         ;
; stratix_ram_block.inc            ; yes             ; Megafunction                 ; e:/aplicaciones/quartus/quartus/libraries/megafunctions/stratix_ram_block.inc                 ;         ;
; lpm_mux.inc                      ; yes             ; Megafunction                 ; e:/aplicaciones/quartus/quartus/libraries/megafunctions/lpm_mux.inc                           ;         ;
; lpm_decode.inc                   ; yes             ; Megafunction                 ; e:/aplicaciones/quartus/quartus/libraries/megafunctions/lpm_decode.inc                        ;         ;
; aglobal180.inc                   ; yes             ; Megafunction                 ; e:/aplicaciones/quartus/quartus/libraries/megafunctions/aglobal180.inc                        ;         ;
; a_rdenreg.inc                    ; yes             ; Megafunction                 ; e:/aplicaciones/quartus/quartus/libraries/megafunctions/a_rdenreg.inc                         ;         ;
; altrom.inc                       ; yes             ; Megafunction                 ; e:/aplicaciones/quartus/quartus/libraries/megafunctions/altrom.inc                            ;         ;
; altram.inc                       ; yes             ; Megafunction                 ; e:/aplicaciones/quartus/quartus/libraries/megafunctions/altram.inc                            ;         ;
; altdpram.inc                     ; yes             ; Megafunction                 ; e:/aplicaciones/quartus/quartus/libraries/megafunctions/altdpram.inc                          ;         ;
; db/altsyncram_l981.tdf           ; yes             ; Auto-Generated Megafunction  ; C:/Users/tooro/Documents/Universidad/Digitales II/Sistema_empaquetado/db/altsyncram_l981.tdf  ;         ;
+----------------------------------+-----------------+------------------------------+-----------------------------------------------------------------------------------------------+---------+


+-----------------------------------------------------------------------------------------------------------------+
; Analysis & Synthesis Resource Usage Summary                                                                     ;
+---------------------------------------------+-------------------------------------------------------------------+
; Resource                                    ; Usage                                                             ;
+---------------------------------------------+-------------------------------------------------------------------+
; Estimate of Logic utilization (ALMs needed) ; 9                                                                 ;
;                                             ;                                                                   ;
; Combinational ALUT usage for logic          ; 13                                                                ;
;     -- 7 input functions                    ; 0                                                                 ;
;     -- 6 input functions                    ; 4                                                                 ;
;     -- 5 input functions                    ; 0                                                                 ;
;     -- 4 input functions                    ; 8                                                                 ;
;     -- <=3 input functions                  ; 1                                                                 ;
;                                             ;                                                                   ;
; Dedicated logic registers                   ; 4                                                                 ;
;                                             ;                                                                   ;
; I/O pins                                    ; 24                                                                ;
; Total MLAB memory bits                      ; 0                                                                 ;
; Total block memory bits                     ; 2048                                                              ;
;                                             ;                                                                   ;
; Total DSP Blocks                            ; 0                                                                 ;
;                                             ;                                                                   ;
; Maximum fan-out node                        ; altsyncram:Mux3_rtl_0|altsyncram_l981:auto_generated|ram_block1a3 ;
; Maximum fan-out                             ; 12                                                                ;
; Total fan-out                               ; 152                                                               ;
; Average fan-out                             ; 2.05                                                              ;
+---------------------------------------------+-------------------------------------------------------------------+


+------------------------------------------------------------------------------------------------------------------------------------------------------------------------------------------------------------------------------------------------------------------+
; Analysis & Synthesis Resource Utilization by Entity                                                                                                                                                                                                              ;
+----------------------------------------+---------------------+---------------------------+-------------------+------------+------+--------------+---------------------------------------------------------------------------+---------------------+--------------+
; Compilation Hierarchy Node             ; Combinational ALUTs ; Dedicated Logic Registers ; Block Memory Bits ; DSP Blocks ; Pins ; Virtual Pins ; Full Hierarchy Name                                                       ; Entity Name         ; Library Name ;
+----------------------------------------+---------------------+---------------------------+-------------------+------------+------+--------------+---------------------------------------------------------------------------+---------------------+--------------+
; |Sistema_empaquetado                   ; 13 (13)             ; 4 (4)                     ; 2048              ; 0          ; 24   ; 0            ; |Sistema_empaquetado                                                      ; Sistema_empaquetado ; work         ;
;    |altsyncram:Mux3_rtl_0|             ; 0 (0)               ; 0 (0)                     ; 2048              ; 0          ; 0    ; 0            ; |Sistema_empaquetado|altsyncram:Mux3_rtl_0                                ; altsyncram          ; work         ;
;       |altsyncram_l981:auto_generated| ; 0 (0)               ; 0 (0)                     ; 2048              ; 0          ; 0    ; 0            ; |Sistema_empaquetado|altsyncram:Mux3_rtl_0|altsyncram_l981:auto_generated ; altsyncram_l981     ; work         ;
+----------------------------------------+---------------------+---------------------------+-------------------+------------+------+--------------+---------------------------------------------------------------------------+---------------------+--------------+
Note: For table entries with two numbers listed, the numbers in parentheses indicate the number of resources of the given type used by the specific entity alone. The numbers listed outside of parentheses indicate the total resources of the given type used by the specific entity and all of its sub-entities in the hierarchy.


+-----------------------------------------------------------------------------------------------------------------------------------------------------------------------------------------------------+
; Analysis & Synthesis RAM Summary                                                                                                                                                                    ;
+-----------------------------------------------------------------+------+------+--------------+--------------+--------------+--------------+------+--------------------------------------------------+
; Name                                                            ; Type ; Mode ; Port A Depth ; Port A Width ; Port B Depth ; Port B Width ; Size ; MIF                                              ;
+-----------------------------------------------------------------+------+------+--------------+--------------+--------------+--------------+------+--------------------------------------------------+
; altsyncram:Mux3_rtl_0|altsyncram_l981:auto_generated|ALTSYNCRAM ; AUTO ; ROM  ; 512          ; 4            ; --           ; --           ; 2048 ; Sistema_empaquetado.Sistema_empaquetado0.rtl.mif ;
+-----------------------------------------------------------------+------+------+--------------+--------------+--------------+--------------+------+--------------------------------------------------+


+------------------------------------------------------+
; General Register Statistics                          ;
+----------------------------------------------+-------+
; Statistic                                    ; Value ;
+----------------------------------------------+-------+
; Total registers                              ; 4     ;
; Number of registers using Synchronous Clear  ; 0     ;
; Number of registers using Synchronous Load   ; 0     ;
; Number of registers using Asynchronous Clear ; 4     ;
; Number of registers using Asynchronous Load  ; 0     ;
; Number of registers using Clock Enable       ; 0     ;
; Number of registers using Preset             ; 0     ;
+----------------------------------------------+-------+


+----------------------------------------------+
; Registers Packed Into Inferred Megafunctions ;
+---------------+--------------+---------------+
; Register Name ; Megafunction ; Type          ;
+---------------+--------------+---------------+
; A[0..3]       ; Mux3_rtl_0   ; ROM           ;
+---------------+--------------+---------------+


+----------------------------------------------------------------------------------------------------------------------------------------------+
; Multiplexer Restructuring Statistics (Restructuring Performed)                                                                               ;
+--------------------+-----------+---------------+----------------------+------------------------+------------+--------------------------------+
; Multiplexer Inputs ; Bus Width ; Baseline Area ; Area if Restructured ; Saving if Restructured ; Registered ; Example Multiplexer Output     ;
+--------------------+-----------+---------------+----------------------+------------------------+------------+--------------------------------+
; 3:1                ; 4 bits    ; 8 LEs         ; 8 LEs                ; 0 LEs                  ; Yes        ; |Sistema_empaquetado|B[0]~reg0 ;
+--------------------+-----------+---------------+----------------------+------------------------+------------+--------------------------------+


+-----------------------------------------------------------------------------+
; Source assignments for altsyncram:Mux3_rtl_0|altsyncram_l981:auto_generated ;
+---------------------------------+--------------------+------+---------------+
; Assignment                      ; Value              ; From ; To            ;
+---------------------------------+--------------------+------+---------------+
; OPTIMIZE_POWER_DURING_SYNTHESIS ; NORMAL_COMPILATION ; -    ; -             ;
+---------------------------------+--------------------+------+---------------+


+--------------------------------------------------------------------------------------------------------+
; Parameter Settings for Inferred Entity Instance: altsyncram:Mux3_rtl_0                                 ;
+------------------------------------+--------------------------------------------------+----------------+
; Parameter Name                     ; Value                                            ; Type           ;
+------------------------------------+--------------------------------------------------+----------------+
; BYTE_SIZE_BLOCK                    ; 8                                                ; Untyped        ;
; AUTO_CARRY_CHAINS                  ; ON                                               ; AUTO_CARRY     ;
; IGNORE_CARRY_BUFFERS               ; OFF                                              ; IGNORE_CARRY   ;
; AUTO_CASCADE_CHAINS                ; ON                                               ; AUTO_CASCADE   ;
; IGNORE_CASCADE_BUFFERS             ; OFF                                              ; IGNORE_CASCADE ;
; WIDTH_BYTEENA                      ; 1                                                ; Untyped        ;
; OPERATION_MODE                     ; ROM                                              ; Untyped        ;
; WIDTH_A                            ; 4                                                ; Untyped        ;
; WIDTHAD_A                          ; 9                                                ; Untyped        ;
; NUMWORDS_A                         ; 512                                              ; Untyped        ;
; OUTDATA_REG_A                      ; UNREGISTERED                                     ; Untyped        ;
; ADDRESS_ACLR_A                     ; NONE                                             ; Untyped        ;
; OUTDATA_ACLR_A                     ; NONE                                             ; Untyped        ;
; WRCONTROL_ACLR_A                   ; NONE                                             ; Untyped        ;
; INDATA_ACLR_A                      ; NONE                                             ; Untyped        ;
; BYTEENA_ACLR_A                     ; NONE                                             ; Untyped        ;
; WIDTH_B                            ; 1                                                ; Untyped        ;
; WIDTHAD_B                          ; 1                                                ; Untyped        ;
; NUMWORDS_B                         ; 1                                                ; Untyped        ;
; INDATA_REG_B                       ; CLOCK1                                           ; Untyped        ;
; WRCONTROL_WRADDRESS_REG_B          ; CLOCK1                                           ; Untyped        ;
; RDCONTROL_REG_B                    ; CLOCK1                                           ; Untyped        ;
; ADDRESS_REG_B                      ; CLOCK1                                           ; Untyped        ;
; OUTDATA_REG_B                      ; UNREGISTERED                                     ; Untyped        ;
; BYTEENA_REG_B                      ; CLOCK1                                           ; Untyped        ;
; INDATA_ACLR_B                      ; NONE                                             ; Untyped        ;
; WRCONTROL_ACLR_B                   ; NONE                                             ; Untyped        ;
; ADDRESS_ACLR_B                     ; NONE                                             ; Untyped        ;
; OUTDATA_ACLR_B                     ; NONE                                             ; Untyped        ;
; RDCONTROL_ACLR_B                   ; NONE                                             ; Untyped        ;
; BYTEENA_ACLR_B                     ; NONE                                             ; Untyped        ;
; WIDTH_BYTEENA_A                    ; 1                                                ; Untyped        ;
; WIDTH_BYTEENA_B                    ; 1                                                ; Untyped        ;
; RAM_BLOCK_TYPE                     ; AUTO                                             ; Untyped        ;
; BYTE_SIZE                          ; 8                                                ; Untyped        ;
; READ_DURING_WRITE_MODE_MIXED_PORTS ; DONT_CARE                                        ; Untyped        ;
; READ_DURING_WRITE_MODE_PORT_A      ; NEW_DATA_NO_NBE_READ                             ; Untyped        ;
; READ_DURING_WRITE_MODE_PORT_B      ; NEW_DATA_NO_NBE_READ                             ; Untyped        ;
; INIT_FILE                          ; Sistema_empaquetado.Sistema_empaquetado0.rtl.mif ; Untyped        ;
; INIT_FILE_LAYOUT                   ; PORT_A                                           ; Untyped        ;
; MAXIMUM_DEPTH                      ; 0                                                ; Untyped        ;
; CLOCK_ENABLE_INPUT_A               ; NORMAL                                           ; Untyped        ;
; CLOCK_ENABLE_INPUT_B               ; NORMAL                                           ; Untyped        ;
; CLOCK_ENABLE_OUTPUT_A              ; NORMAL                                           ; Untyped        ;
; CLOCK_ENABLE_OUTPUT_B              ; NORMAL                                           ; Untyped        ;
; CLOCK_ENABLE_CORE_A                ; USE_INPUT_CLKEN                                  ; Untyped        ;
; CLOCK_ENABLE_CORE_B                ; USE_INPUT_CLKEN                                  ; Untyped        ;
; ENABLE_ECC                         ; FALSE                                            ; Untyped        ;
; ECC_PIPELINE_STAGE_ENABLED         ; FALSE                                            ; Untyped        ;
; WIDTH_ECCSTATUS                    ; 3                                                ; Untyped        ;
; DEVICE_FAMILY                      ; Cyclone V                                        ; Untyped        ;
; CBXI_PARAMETER                     ; altsyncram_l981                                  ; Untyped        ;
+------------------------------------+--------------------------------------------------+----------------+
Note: In order to hide this table in the UI and the text report file, please set the "Show Parameter Settings in Synthesis Report" option in "Analysis and Synthesis Settings -> More Settings" to "Off".


+-------------------------------------------------------------------+
; altsyncram Parameter Settings by Entity Instance                  ;
+-------------------------------------------+-----------------------+
; Name                                      ; Value                 ;
+-------------------------------------------+-----------------------+
; Number of entity instances                ; 1                     ;
; Entity Instance                           ; altsyncram:Mux3_rtl_0 ;
;     -- OPERATION_MODE                     ; ROM                   ;
;     -- WIDTH_A                            ; 4                     ;
;     -- NUMWORDS_A                         ; 512                   ;
;     -- OUTDATA_REG_A                      ; UNREGISTERED          ;
;     -- WIDTH_B                            ; 1                     ;
;     -- NUMWORDS_B                         ; 1                     ;
;     -- ADDRESS_REG_B                      ; CLOCK1                ;
;     -- OUTDATA_REG_B                      ; UNREGISTERED          ;
;     -- RAM_BLOCK_TYPE                     ; AUTO                  ;
;     -- READ_DURING_WRITE_MODE_MIXED_PORTS ; DONT_CARE             ;
+-------------------------------------------+-----------------------+


+-----------------------------------------------------+
; Post-Synthesis Netlist Statistics for Top Partition ;
+-----------------------+-----------------------------+
; Type                  ; Count                       ;
+-----------------------+-----------------------------+
; arriav_ff             ; 4                           ;
;     CLR               ; 4                           ;
; arriav_io_obuf        ; 5                           ;
; arriav_lcell_comb     ; 19                          ;
;     normal            ; 19                          ;
;         1 data inputs ; 6                           ;
;         3 data inputs ; 1                           ;
;         4 data inputs ; 8                           ;
;         6 data inputs ; 4                           ;
; boundary_port         ; 24                          ;
; stratixv_ram_block    ; 4                           ;
;                       ;                             ;
; Max LUT depth         ; 2.00                        ;
; Average LUT depth     ; 1.18                        ;
+-----------------------+-----------------------------+


+-------------------------------+
; Elapsed Time Per Partition    ;
+----------------+--------------+
; Partition Name ; Elapsed Time ;
+----------------+--------------+
; Top            ; 00:00:00     ;
+----------------+--------------+


+-------------------------------+
; Analysis & Synthesis Messages ;
+-------------------------------+
Info: *******************************************************************
Info: Running Quartus Prime Analysis & Synthesis
    Info: Version 18.0.0 Build 614 04/24/2018 SJ Lite Edition
    Info: Processing started: Sat Dec 04 13:03:43 2021
Info: Command: quartus_map --read_settings_files=on --write_settings_files=off Sistema_empaquetado -c Sistema_empaquetado
Warning (18236): Number of processors has not been specified which may cause overloading on shared machines.  Set the global assignment NUM_PARALLEL_PROCESSORS in your QSF to an appropriate value for best performance.
Info (20030): Parallel compilation is enabled and will use 12 of the 12 processors detected
Info (12021): Found 2 design units, including 1 entities, in source file sistema_empaquetado.vhd
    Info (12022): Found design unit 1: Sistema_empaquetado-Behavior File: C:/Users/tooro/Documents/Universidad/Digitales II/Sistema_empaquetado/Sistema_empaquetado.vhd Line: 14
    Info (12023): Found entity 1: Sistema_empaquetado File: C:/Users/tooro/Documents/Universidad/Digitales II/Sistema_empaquetado/Sistema_empaquetado.vhd Line: 5
Info (12127): Elaborating entity "Sistema_empaquetado" for the top level hierarchy
Info (19000): Inferred 1 megafunctions from design logic
    Info (276031): Inferred altsyncram megafunction from the following design logic: "Mux3_rtl_0"
        Info (286033): Parameter OPERATION_MODE set to ROM
        Info (286033): Parameter WIDTH_A set to 4
        Info (286033): Parameter WIDTHAD_A set to 9
        Info (286033): Parameter NUMWORDS_A set to 512
        Info (286033): Parameter OUTDATA_REG_A set to UNREGISTERED
        Info (286033): Parameter RAM_BLOCK_TYPE set to AUTO
        Info (286033): Parameter INIT_FILE set to Sistema_empaquetado.Sistema_empaquetado0.rtl.mif
Info (12130): Elaborated megafunction instantiation "altsyncram:Mux3_rtl_0"
Info (12133): Instantiated megafunction "altsyncram:Mux3_rtl_0" with the following parameter:
    Info (12134): Parameter "OPERATION_MODE" = "ROM"
    Info (12134): Parameter "WIDTH_A" = "4"
    Info (12134): Parameter "WIDTHAD_A" = "9"
    Info (12134): Parameter "NUMWORDS_A" = "512"
    Info (12134): Parameter "OUTDATA_REG_A" = "UNREGISTERED"
    Info (12134): Parameter "RAM_BLOCK_TYPE" = "AUTO"
    Info (12134): Parameter "INIT_FILE" = "Sistema_empaquetado.Sistema_empaquetado0.rtl.mif"
Info (12021): Found 1 design units, including 1 entities, in source file db/altsyncram_l981.tdf
    Info (12023): Found entity 1: altsyncram_l981 File: C:/Users/tooro/Documents/Universidad/Digitales II/Sistema_empaquetado/db/altsyncram_l981.tdf Line: 27
Warning (13034): The following nodes have both tri-state and non-tri-state drivers
    Warning (13035): Inserted always-enabled tri-state buffer between "control" and its non-tri-state driver. File: C:/Users/tooro/Documents/Universidad/Digitales II/Sistema_empaquetado/Sistema_empaquetado.vhd Line: 10
    Warning (13035): Inserted always-enabled tri-state buffer between "B[0]" and its non-tri-state driver. File: C:/Users/tooro/Documents/Universidad/Digitales II/Sistema_empaquetado/Sistema_empaquetado.vhd Line: 67
    Warning (13035): Inserted always-enabled tri-state buffer between "B[1]" and its non-tri-state driver. File: C:/Users/tooro/Documents/Universidad/Digitales II/Sistema_empaquetado/Sistema_empaquetado.vhd Line: 67
    Warning (13035): Inserted always-enabled tri-state buffer between "B[2]" and its non-tri-state driver. File: C:/Users/tooro/Documents/Universidad/Digitales II/Sistema_empaquetado/Sistema_empaquetado.vhd Line: 67
    Warning (13035): Inserted always-enabled tri-state buffer between "B[3]" and its non-tri-state driver. File: C:/Users/tooro/Documents/Universidad/Digitales II/Sistema_empaquetado/Sistema_empaquetado.vhd Line: 67
Info (13060): One or more bidirectional pins are fed by always enabled tri-state buffers
    Info (13061): Fan-out of permanently enabled tri-state buffer feeding bidirectional pin "control" is moved to its source File: C:/Users/tooro/Documents/Universidad/Digitales II/Sistema_empaquetado/Sistema_empaquetado.vhd Line: 10
    Info (13061): Fan-out of permanently enabled tri-state buffer feeding bidirectional pin "B[0]" is moved to its source File: C:/Users/tooro/Documents/Universidad/Digitales II/Sistema_empaquetado/Sistema_empaquetado.vhd Line: 67
    Info (13061): Fan-out of permanently enabled tri-state buffer feeding bidirectional pin "B[1]" is moved to its source File: C:/Users/tooro/Documents/Universidad/Digitales II/Sistema_empaquetado/Sistema_empaquetado.vhd Line: 67
    Info (13061): Fan-out of permanently enabled tri-state buffer feeding bidirectional pin "B[2]" is moved to its source File: C:/Users/tooro/Documents/Universidad/Digitales II/Sistema_empaquetado/Sistema_empaquetado.vhd Line: 67
    Info (13061): Fan-out of permanently enabled tri-state buffer feeding bidirectional pin "B[3]" is moved to its source File: C:/Users/tooro/Documents/Universidad/Digitales II/Sistema_empaquetado/Sistema_empaquetado.vhd Line: 67
Warning (13009): TRI or OPNDRN buffers permanently enabled
    Warning (13010): Node "control~synth" File: C:/Users/tooro/Documents/Universidad/Digitales II/Sistema_empaquetado/Sistema_empaquetado.vhd Line: 10
    Warning (13010): Node "B[0]~synth" File: C:/Users/tooro/Documents/Universidad/Digitales II/Sistema_empaquetado/Sistema_empaquetado.vhd Line: 67
    Warning (13010): Node "B[1]~synth" File: C:/Users/tooro/Documents/Universidad/Digitales II/Sistema_empaquetado/Sistema_empaquetado.vhd Line: 67
    Warning (13010): Node "B[2]~synth" File: C:/Users/tooro/Documents/Universidad/Digitales II/Sistema_empaquetado/Sistema_empaquetado.vhd Line: 67
    Warning (13010): Node "B[3]~synth" File: C:/Users/tooro/Documents/Universidad/Digitales II/Sistema_empaquetado/Sistema_empaquetado.vhd Line: 67
Info (286030): Timing-Driven Synthesis is running
Info (16010): Generating hard_block partition "hard_block:auto_generated_inst"
    Info (16011): Adding 0 node(s), including 0 DDIO, 0 PLL, 0 transceiver and 0 LCELL
Info (21057): Implemented 41 device resources after synthesis - the final resource count might be different
    Info (21058): Implemented 12 input pins
    Info (21059): Implemented 7 output pins
    Info (21060): Implemented 5 bidirectional pins
    Info (21061): Implemented 13 logic cells
    Info (21064): Implemented 4 RAM segments
Info: Quartus Prime Analysis & Synthesis was successful. 0 errors, 13 warnings
    Info: Peak virtual memory: 4888 megabytes
    Info: Processing ended: Sat Dec 04 13:03:54 2021
    Info: Elapsed time: 00:00:11
    Info: Total CPU time (on all processors): 00:00:25


